<?xml version="1.0" encoding="UTF-8"?>
<!-- Generated by org.testng.reporters.JUnitReportReporter -->
<testsuite skipped="0" hostname="LAPTOP-14KL8HCG" name="com.expleo.heroku.testCases.TC_005_ParaTest" tests="3" failures="0" timestamp="2021-08-18T22:47:10 IST" time="0.126" errors="0">
  <testcase name="paraCheck" time="0.034" classname="com.expleo.heroku.testCases.TC_005_ParaTest"/>
  <system-out/>
  <testcase name="paraCheck" time="0.054" classname="com.expleo.heroku.testCases.TC_005_ParaTest"/>
  <system-out/>
  <testcase name="paraCheck" time="0.038" classname="com.expleo.heroku.testCases.TC_005_ParaTest"/>
  <system-out/>
</testsuite> <!-- com.expleo.heroku.testCases.TC_005_ParaTest -->
