<?xml version="1.0" encoding="UTF-8"?>
<!-- Generated by org.testng.reporters.JUnitReportReporter -->
<testsuite skipped="0" hostname="LAPTOP-14KL8HCG" name="com.expleo.heroku.testCases.TC_008_DeleteClickTest" tests="3" failures="0" timestamp="2021-08-18T18:52:13 IST" time="3.684" errors="0">
  <testcase name="deleteTest" time="0.646" classname="com.expleo.heroku.testCases.TC_008_DeleteClickTest"/>
  <system-out/>
  <testcase name="deleteTest" time="0.637" classname="com.expleo.heroku.testCases.TC_008_DeleteClickTest"/>
  <system-out/>
  <testcase name="deleteTest" time="2.401" classname="com.expleo.heroku.testCases.TC_008_DeleteClickTest"/>
  <system-out/>
</testsuite> <!-- com.expleo.heroku.testCases.TC_008_DeleteClickTest -->
