<?xml version="1.0" encoding="UTF-8"?>
<!-- Generated by org.testng.reporters.JUnitReportReporter -->
<testsuite skipped="0" hostname="LAPTOP-14KL8HCG" name="com.nordea.heroku.testCases.TC_002_ButtonTestDDT" tests="3" failures="0" timestamp="2021-08-17T23:29:31 IST" time="9.069" errors="0">
  <testcase name="buttonDDT" time="3.011" classname="com.nordea.heroku.testCases.TC_002_ButtonTestDDT"/>
  <system-out/>
  <testcase name="buttonDDT" time="3.051" classname="com.nordea.heroku.testCases.TC_002_ButtonTestDDT"/>
  <system-out/>
  <testcase name="buttonDDT" time="3.007" classname="com.nordea.heroku.testCases.TC_002_ButtonTestDDT"/>
  <system-out/>
</testsuite> <!-- com.nordea.heroku.testCases.TC_002_ButtonTestDDT -->
