<?xml version="1.0" encoding="UTF-8"?>
<!-- Generated by org.testng.reporters.JUnitReportReporter -->
<testsuite skipped="0" hostname="LAPTOP-14KL8HCG" name="com.expleo.heroku.testCases.TC_008_DeleteClickTest" tests="3" failures="0" timestamp="2021-08-18T22:47:10 IST" time="4.367" errors="0">
  <testcase name="deleteTest" time="0.641" classname="com.expleo.heroku.testCases.TC_008_DeleteClickTest"/>
  <system-out/>
  <testcase name="deleteTest" time="1.168" classname="com.expleo.heroku.testCases.TC_008_DeleteClickTest"/>
  <system-out/>
  <testcase name="deleteTest" time="2.558" classname="com.expleo.heroku.testCases.TC_008_DeleteClickTest"/>
  <system-out/>
</testsuite> <!-- com.expleo.heroku.testCases.TC_008_DeleteClickTest -->
