<?xml version="1.0" encoding="UTF-8"?>
<!-- Generated by org.testng.reporters.JUnitReportReporter -->
<testsuite skipped="0" hostname="LAPTOP-14KL8HCG" name="com.expleo.heroku.testCases.TC_003_TableTestDDT" tests="30" failures="0" timestamp="2021-08-18T22:47:10 IST" time="10.616" errors="0">
  <testcase name="TableDDT" time="0.417" classname="com.expleo.heroku.testCases.TC_003_TableTestDDT"/>
  <system-out/>
  <testcase name="TableDDT" time="0.218" classname="com.expleo.heroku.testCases.TC_003_TableTestDDT"/>
  <system-out/>
  <testcase name="TableDDT" time="0.297" classname="com.expleo.heroku.testCases.TC_003_TableTestDDT"/>
  <system-out/>
  <testcase name="TableDDT" time="0.257" classname="com.expleo.heroku.testCases.TC_003_TableTestDDT"/>
  <system-out/>
  <testcase name="TableDDT" time="0.393" classname="com.expleo.heroku.testCases.TC_003_TableTestDDT"/>
  <system-out/>
  <testcase name="TableDDT" time="0.499" classname="com.expleo.heroku.testCases.TC_003_TableTestDDT"/>
  <system-out/>
  <testcase name="TableDDT" time="0.232" classname="com.expleo.heroku.testCases.TC_003_TableTestDDT"/>
  <system-out/>
  <testcase name="TableDDT" time="0.294" classname="com.expleo.heroku.testCases.TC_003_TableTestDDT"/>
  <system-out/>
  <testcase name="TableDDT" time="0.376" classname="com.expleo.heroku.testCases.TC_003_TableTestDDT"/>
  <system-out/>
  <testcase name="TableDDT" time="0.347" classname="com.expleo.heroku.testCases.TC_003_TableTestDDT"/>
  <system-out/>
  <testcase name="TableDDT" time="0.479" classname="com.expleo.heroku.testCases.TC_003_TableTestDDT"/>
  <system-out/>
  <testcase name="TableDDT" time="0.318" classname="com.expleo.heroku.testCases.TC_003_TableTestDDT"/>
  <system-out/>
  <testcase name="TableDDT" time="0.488" classname="com.expleo.heroku.testCases.TC_003_TableTestDDT"/>
  <system-out/>
  <testcase name="TableDDT" time="0.368" classname="com.expleo.heroku.testCases.TC_003_TableTestDDT"/>
  <system-out/>
  <testcase name="TableDDT" time="0.297" classname="com.expleo.heroku.testCases.TC_003_TableTestDDT"/>
  <system-out/>
  <testcase name="TableDDT" time="0.415" classname="com.expleo.heroku.testCases.TC_003_TableTestDDT"/>
  <system-out/>
  <testcase name="TableDDT" time="0.361" classname="com.expleo.heroku.testCases.TC_003_TableTestDDT"/>
  <system-out/>
  <testcase name="TableDDT" time="0.380" classname="com.expleo.heroku.testCases.TC_003_TableTestDDT"/>
  <system-out/>
  <testcase name="TableDDT" time="0.349" classname="com.expleo.heroku.testCases.TC_003_TableTestDDT"/>
  <system-out/>
  <testcase name="TableDDT" time="0.308" classname="com.expleo.heroku.testCases.TC_003_TableTestDDT"/>
  <system-out/>
  <testcase name="TableDDT" time="0.392" classname="com.expleo.heroku.testCases.TC_003_TableTestDDT"/>
  <system-out/>
  <testcase name="TableDDT" time="0.204" classname="com.expleo.heroku.testCases.TC_003_TableTestDDT"/>
  <system-out/>
  <testcase name="TableDDT" time="0.340" classname="com.expleo.heroku.testCases.TC_003_TableTestDDT"/>
  <system-out/>
  <testcase name="TableDDT" time="0.504" classname="com.expleo.heroku.testCases.TC_003_TableTestDDT"/>
  <system-out/>
  <testcase name="TableDDT" time="0.359" classname="com.expleo.heroku.testCases.TC_003_TableTestDDT"/>
  <system-out/>
  <testcase name="TableDDT" time="0.542" classname="com.expleo.heroku.testCases.TC_003_TableTestDDT"/>
  <system-out/>
  <testcase name="TableDDT" time="0.270" classname="com.expleo.heroku.testCases.TC_003_TableTestDDT"/>
  <system-out/>
  <testcase name="TableDDT" time="0.357" classname="com.expleo.heroku.testCases.TC_003_TableTestDDT"/>
  <system-out/>
  <testcase name="TableDDT" time="0.343" classname="com.expleo.heroku.testCases.TC_003_TableTestDDT"/>
  <system-out/>
  <testcase name="TableDDT" time="0.212" classname="com.expleo.heroku.testCases.TC_003_TableTestDDT"/>
  <system-out/>
</testsuite> <!-- com.expleo.heroku.testCases.TC_003_TableTestDDT -->
