<?xml version="1.0" encoding="UTF-8"?>
<!-- Generated by org.testng.reporters.JUnitReportReporter -->
<testsuite skipped="0" hostname="LAPTOP-14KL8HCG" name="com.expleo.heroku.testCases.TC_006_CanvasTestDDT" tests="9" failures="0" timestamp="2021-08-18T22:47:10 IST" time="7.917" errors="0">
  <testcase name="canvaTest" time="0.899" classname="com.expleo.heroku.testCases.TC_006_CanvasTestDDT"/>
  <system-out/>
  <testcase name="canvaTest" time="0.879" classname="com.expleo.heroku.testCases.TC_006_CanvasTestDDT"/>
  <system-out/>
  <testcase name="canvaTest" time="0.922" classname="com.expleo.heroku.testCases.TC_006_CanvasTestDDT"/>
  <system-out/>
  <testcase name="canvaTest" time="0.927" classname="com.expleo.heroku.testCases.TC_006_CanvasTestDDT"/>
  <system-out/>
  <testcase name="canvaTest" time="0.793" classname="com.expleo.heroku.testCases.TC_006_CanvasTestDDT"/>
  <system-out/>
  <testcase name="canvaTest" time="0.823" classname="com.expleo.heroku.testCases.TC_006_CanvasTestDDT"/>
  <system-out/>
  <testcase name="canvaTest" time="0.973" classname="com.expleo.heroku.testCases.TC_006_CanvasTestDDT"/>
  <system-out/>
  <testcase name="canvaTest" time="0.894" classname="com.expleo.heroku.testCases.TC_006_CanvasTestDDT"/>
  <system-out/>
  <testcase name="canvaTest" time="0.807" classname="com.expleo.heroku.testCases.TC_006_CanvasTestDDT"/>
  <system-out/>
</testsuite> <!-- com.expleo.heroku.testCases.TC_006_CanvasTestDDT -->
