<?xml version="1.0" encoding="UTF-8"?>
<!-- Generated by org.testng.reporters.JUnitReportReporter -->
<testsuite skipped="0" hostname="LAPTOP-14KL8HCG" name="com.expleo.heroku.testCases.TC_004_HeaderTest" tests="3" failures="0" timestamp="2021-08-18T22:47:10 IST" time="0.134" errors="0">
  <testcase name="headTest" time="0.040" classname="com.expleo.heroku.testCases.TC_004_HeaderTest"/>
  <system-out/>
  <testcase name="headTest" time="0.041" classname="com.expleo.heroku.testCases.TC_004_HeaderTest"/>
  <system-out/>
  <testcase name="headTest" time="0.053" classname="com.expleo.heroku.testCases.TC_004_HeaderTest"/>
  <system-out/>
</testsuite> <!-- com.expleo.heroku.testCases.TC_004_HeaderTest -->
