<?xml version="1.0" encoding="UTF-8"?>
<!-- Generated by org.testng.reporters.JUnitReportReporter -->
<testsuite skipped="0" hostname="LAPTOP-14KL8HCG" name="com.expleo.heroku.testCases.TC_001_TitleTest" tests="3" failures="0" timestamp="2021-08-18T22:47:10 IST" time="0.034" errors="0">
  <testcase name="titleTest" time="0.006" classname="com.expleo.heroku.testCases.TC_001_TitleTest"/>
  <system-out/>
  <testcase name="titleTest" time="0.013" classname="com.expleo.heroku.testCases.TC_001_TitleTest"/>
  <system-out/>
  <testcase name="titleTest" time="0.015" classname="com.expleo.heroku.testCases.TC_001_TitleTest"/>
  <system-out/>
</testsuite> <!-- com.expleo.heroku.testCases.TC_001_TitleTest -->
