<?xml version="1.0" encoding="UTF-8"?>
<!-- Generated by org.testng.reporters.JUnitReportReporter -->
<testsuite skipped="0" hostname="LAPTOP-14KL8HCG" name="com.expleo.heroku.testCases.TC_009_ElementalLinkTest" tests="3" failures="0" timestamp="2021-08-18T18:52:13 IST" time="15.403" errors="0">
  <testcase name="elementLinkTest" time="5.127" classname="com.expleo.heroku.testCases.TC_009_ElementalLinkTest"/>
  <system-out/>
  <testcase name="elementLinkTest" time="5.130" classname="com.expleo.heroku.testCases.TC_009_ElementalLinkTest"/>
  <system-out/>
  <testcase name="elementLinkTest" time="5.146" classname="com.expleo.heroku.testCases.TC_009_ElementalLinkTest"/>
  <system-out/>
</testsuite> <!-- com.expleo.heroku.testCases.TC_009_ElementalLinkTest -->
