<?xml version="1.0" encoding="UTF-8"?>
<!-- Generated by org.testng.reporters.JUnitReportReporter -->
<testsuite skipped="0" hostname="LAPTOP-14KL8HCG" name="com.expleo.heroku.testCases.TC_003_TableTestDDT" tests="30" failures="0" timestamp="2021-08-18T18:52:13 IST" time="8.665" errors="0">
  <testcase name="TableDDT" time="0.358" classname="com.expleo.heroku.testCases.TC_003_TableTestDDT"/>
  <system-out/>
  <testcase name="TableDDT" time="0.187" classname="com.expleo.heroku.testCases.TC_003_TableTestDDT"/>
  <system-out/>
  <testcase name="TableDDT" time="0.183" classname="com.expleo.heroku.testCases.TC_003_TableTestDDT"/>
  <system-out/>
  <testcase name="TableDDT" time="0.186" classname="com.expleo.heroku.testCases.TC_003_TableTestDDT"/>
  <system-out/>
  <testcase name="TableDDT" time="0.307" classname="com.expleo.heroku.testCases.TC_003_TableTestDDT"/>
  <system-out/>
  <testcase name="TableDDT" time="0.189" classname="com.expleo.heroku.testCases.TC_003_TableTestDDT"/>
  <system-out/>
  <testcase name="TableDDT" time="0.284" classname="com.expleo.heroku.testCases.TC_003_TableTestDDT"/>
  <system-out/>
  <testcase name="TableDDT" time="0.298" classname="com.expleo.heroku.testCases.TC_003_TableTestDDT"/>
  <system-out/>
  <testcase name="TableDDT" time="0.310" classname="com.expleo.heroku.testCases.TC_003_TableTestDDT"/>
  <system-out/>
  <testcase name="TableDDT" time="0.188" classname="com.expleo.heroku.testCases.TC_003_TableTestDDT"/>
  <system-out/>
  <testcase name="TableDDT" time="0.301" classname="com.expleo.heroku.testCases.TC_003_TableTestDDT"/>
  <system-out/>
  <testcase name="TableDDT" time="0.375" classname="com.expleo.heroku.testCases.TC_003_TableTestDDT"/>
  <system-out/>
  <testcase name="TableDDT" time="0.374" classname="com.expleo.heroku.testCases.TC_003_TableTestDDT"/>
  <system-out/>
  <testcase name="TableDDT" time="0.284" classname="com.expleo.heroku.testCases.TC_003_TableTestDDT"/>
  <system-out/>
  <testcase name="TableDDT" time="0.287" classname="com.expleo.heroku.testCases.TC_003_TableTestDDT"/>
  <system-out/>
  <testcase name="TableDDT" time="0.217" classname="com.expleo.heroku.testCases.TC_003_TableTestDDT"/>
  <system-out/>
  <testcase name="TableDDT" time="0.185" classname="com.expleo.heroku.testCases.TC_003_TableTestDDT"/>
  <system-out/>
  <testcase name="TableDDT" time="0.352" classname="com.expleo.heroku.testCases.TC_003_TableTestDDT"/>
  <system-out/>
  <testcase name="TableDDT" time="0.358" classname="com.expleo.heroku.testCases.TC_003_TableTestDDT"/>
  <system-out/>
  <testcase name="TableDDT" time="0.377" classname="com.expleo.heroku.testCases.TC_003_TableTestDDT"/>
  <system-out/>
  <testcase name="TableDDT" time="0.340" classname="com.expleo.heroku.testCases.TC_003_TableTestDDT"/>
  <system-out/>
  <testcase name="TableDDT" time="0.187" classname="com.expleo.heroku.testCases.TC_003_TableTestDDT"/>
  <system-out/>
  <testcase name="TableDDT" time="0.407" classname="com.expleo.heroku.testCases.TC_003_TableTestDDT"/>
  <system-out/>
  <testcase name="TableDDT" time="0.394" classname="com.expleo.heroku.testCases.TC_003_TableTestDDT"/>
  <system-out/>
  <testcase name="TableDDT" time="0.359" classname="com.expleo.heroku.testCases.TC_003_TableTestDDT"/>
  <system-out/>
  <testcase name="TableDDT" time="0.181" classname="com.expleo.heroku.testCases.TC_003_TableTestDDT"/>
  <system-out/>
  <testcase name="TableDDT" time="0.302" classname="com.expleo.heroku.testCases.TC_003_TableTestDDT"/>
  <system-out/>
  <testcase name="TableDDT" time="0.383" classname="com.expleo.heroku.testCases.TC_003_TableTestDDT"/>
  <system-out/>
  <testcase name="TableDDT" time="0.325" classname="com.expleo.heroku.testCases.TC_003_TableTestDDT"/>
  <system-out/>
  <testcase name="TableDDT" time="0.187" classname="com.expleo.heroku.testCases.TC_003_TableTestDDT"/>
  <system-out/>
</testsuite> <!-- com.expleo.heroku.testCases.TC_003_TableTestDDT -->
