<?xml version="1.0" encoding="UTF-8"?>
<!-- Generated by org.testng.reporters.JUnitReportReporter -->
<testsuite skipped="0" hostname="LAPTOP-14KL8HCG" name="com.expleo.heroku.testCases.TC_006_CanvasTest" tests="9" failures="0" timestamp="2021-08-18T18:52:13 IST" time="7.364" errors="0">
  <testcase name="canvaTest" time="0.837" classname="com.expleo.heroku.testCases.TC_006_CanvasTest"/>
  <system-out/>
  <testcase name="canvaTest" time="0.816" classname="com.expleo.heroku.testCases.TC_006_CanvasTest"/>
  <system-out/>
  <testcase name="canvaTest" time="0.832" classname="com.expleo.heroku.testCases.TC_006_CanvasTest"/>
  <system-out/>
  <testcase name="canvaTest" time="0.821" classname="com.expleo.heroku.testCases.TC_006_CanvasTest"/>
  <system-out/>
  <testcase name="canvaTest" time="0.811" classname="com.expleo.heroku.testCases.TC_006_CanvasTest"/>
  <system-out/>
  <testcase name="canvaTest" time="0.818" classname="com.expleo.heroku.testCases.TC_006_CanvasTest"/>
  <system-out/>
  <testcase name="canvaTest" time="0.805" classname="com.expleo.heroku.testCases.TC_006_CanvasTest"/>
  <system-out/>
  <testcase name="canvaTest" time="0.805" classname="com.expleo.heroku.testCases.TC_006_CanvasTest"/>
  <system-out/>
  <testcase name="canvaTest" time="0.819" classname="com.expleo.heroku.testCases.TC_006_CanvasTest"/>
  <system-out/>
</testsuite> <!-- com.expleo.heroku.testCases.TC_006_CanvasTest -->
