<?xml version="1.0" encoding="UTF-8"?>
<!-- Generated by org.testng.reporters.JUnitReportReporter -->
<testsuite skipped="0" hostname="LAPTOP-14KL8HCG" name="com.expleo.heroku.testCases.TC_002_ButtonTestDDT" tests="9" failures="0" timestamp="2021-08-18T18:52:13 IST" time="31.921" errors="0">
  <testcase name="buttonDDT" time="3.563" classname="com.expleo.heroku.testCases.TC_002_ButtonTestDDT"/>
  <system-out/>
  <testcase name="buttonDDT" time="3.543" classname="com.expleo.heroku.testCases.TC_002_ButtonTestDDT"/>
  <system-out/>
  <testcase name="buttonDDT" time="3.491" classname="com.expleo.heroku.testCases.TC_002_ButtonTestDDT"/>
  <system-out/>
  <testcase name="buttonDDT" time="3.530" classname="com.expleo.heroku.testCases.TC_002_ButtonTestDDT"/>
  <system-out/>
  <testcase name="buttonDDT" time="3.558" classname="com.expleo.heroku.testCases.TC_002_ButtonTestDDT"/>
  <system-out/>
  <testcase name="buttonDDT" time="3.570" classname="com.expleo.heroku.testCases.TC_002_ButtonTestDDT"/>
  <system-out/>
  <testcase name="buttonDDT" time="3.524" classname="com.expleo.heroku.testCases.TC_002_ButtonTestDDT"/>
  <system-out/>
  <testcase name="buttonDDT" time="3.579" classname="com.expleo.heroku.testCases.TC_002_ButtonTestDDT"/>
  <system-out/>
  <testcase name="buttonDDT" time="3.563" classname="com.expleo.heroku.testCases.TC_002_ButtonTestDDT"/>
  <system-out/>
</testsuite> <!-- com.expleo.heroku.testCases.TC_002_ButtonTestDDT -->
