<?xml version="1.0" encoding="UTF-8"?>
<!-- Generated by org.testng.reporters.JUnitReportReporter -->
<testsuite skipped="0" hostname="LAPTOP-14KL8HCG" name="com.expleo.heroku.testCases.TC_002_ButtonTestDDT" tests="9" failures="0" timestamp="2021-08-18T22:47:10 IST" time="32.230" errors="0">
  <testcase name="buttonDDT" time="3.570" classname="com.expleo.heroku.testCases.TC_002_ButtonTestDDT"/>
  <system-out/>
  <testcase name="buttonDDT" time="3.496" classname="com.expleo.heroku.testCases.TC_002_ButtonTestDDT"/>
  <system-out/>
  <testcase name="buttonDDT" time="3.614" classname="com.expleo.heroku.testCases.TC_002_ButtonTestDDT"/>
  <system-out/>
  <testcase name="buttonDDT" time="3.686" classname="com.expleo.heroku.testCases.TC_002_ButtonTestDDT"/>
  <system-out/>
  <testcase name="buttonDDT" time="3.517" classname="com.expleo.heroku.testCases.TC_002_ButtonTestDDT"/>
  <system-out/>
  <testcase name="buttonDDT" time="3.626" classname="com.expleo.heroku.testCases.TC_002_ButtonTestDDT"/>
  <system-out/>
  <testcase name="buttonDDT" time="3.567" classname="com.expleo.heroku.testCases.TC_002_ButtonTestDDT"/>
  <system-out/>
  <testcase name="buttonDDT" time="3.592" classname="com.expleo.heroku.testCases.TC_002_ButtonTestDDT"/>
  <system-out/>
  <testcase name="buttonDDT" time="3.562" classname="com.expleo.heroku.testCases.TC_002_ButtonTestDDT"/>
  <system-out/>
</testsuite> <!-- com.expleo.heroku.testCases.TC_002_ButtonTestDDT -->
