<?xml version="1.0" encoding="UTF-8"?>
<!-- Generated by org.testng.reporters.JUnitReportReporter -->
<testsuite skipped="0" hostname="LAPTOP-14KL8HCG" name="com.expleo.heroku.testCases.TC_007_EditClickTest" tests="3" failures="0" timestamp="2021-08-18T18:52:13 IST" time="3.746" errors="0">
  <testcase name="editTest" time="2.375" classname="com.expleo.heroku.testCases.TC_007_EditClickTest"/>
  <system-out/>
  <testcase name="editTest" time="0.671" classname="com.expleo.heroku.testCases.TC_007_EditClickTest"/>
  <system-out/>
  <testcase name="editTest" time="0.700" classname="com.expleo.heroku.testCases.TC_007_EditClickTest"/>
  <system-out/>
</testsuite> <!-- com.expleo.heroku.testCases.TC_007_EditClickTest -->
