<?xml version="1.0" encoding="UTF-8"?>
<!-- Generated by org.testng.reporters.JUnitReportReporter -->
<testsuite skipped="0" hostname="LAPTOP-14KL8HCG" name="com.nordea.heroku.testCases.TC_003_TableTestDDT" tests="10" failures="0" timestamp="2021-08-17T23:29:31 IST" time="3.579" errors="0">
  <testcase name="TableDDT" time="0.374" classname="com.nordea.heroku.testCases.TC_003_TableTestDDT"/>
  <system-out/>
  <testcase name="TableDDT" time="0.316" classname="com.nordea.heroku.testCases.TC_003_TableTestDDT"/>
  <system-out/>
  <testcase name="TableDDT" time="0.339" classname="com.nordea.heroku.testCases.TC_003_TableTestDDT"/>
  <system-out/>
  <testcase name="TableDDT" time="0.376" classname="com.nordea.heroku.testCases.TC_003_TableTestDDT"/>
  <system-out/>
  <testcase name="TableDDT" time="0.364" classname="com.nordea.heroku.testCases.TC_003_TableTestDDT"/>
  <system-out/>
  <testcase name="TableDDT" time="0.294" classname="com.nordea.heroku.testCases.TC_003_TableTestDDT"/>
  <system-out/>
  <testcase name="TableDDT" time="0.359" classname="com.nordea.heroku.testCases.TC_003_TableTestDDT"/>
  <system-out/>
  <testcase name="TableDDT" time="0.418" classname="com.nordea.heroku.testCases.TC_003_TableTestDDT"/>
  <system-out/>
  <testcase name="TableDDT" time="0.373" classname="com.nordea.heroku.testCases.TC_003_TableTestDDT"/>
  <system-out/>
  <testcase name="TableDDT" time="0.366" classname="com.nordea.heroku.testCases.TC_003_TableTestDDT"/>
  <system-out/>
</testsuite> <!-- com.nordea.heroku.testCases.TC_003_TableTestDDT -->
