<?xml version="1.0" encoding="UTF-8"?>
<!-- Generated by org.testng.reporters.JUnitReportReporter -->
<testsuite skipped="0" hostname="LAPTOP-14KL8HCG" name="com.expleo.heroku.testCases.TC_002_ButtonTestDDT" tests="3" failures="0" timestamp="2021-08-18T20:46:02 IST" time="11.096" errors="0">
  <testcase name="buttonDDT" time="3.510" classname="com.expleo.heroku.testCases.TC_002_ButtonTestDDT"/>
  <system-out/>
  <testcase name="buttonDDT" time="3.580" classname="com.expleo.heroku.testCases.TC_002_ButtonTestDDT"/>
  <system-out/>
  <testcase name="buttonDDT" time="4.006" classname="com.expleo.heroku.testCases.TC_002_ButtonTestDDT"/>
  <system-out/>
</testsuite> <!-- com.expleo.heroku.testCases.TC_002_ButtonTestDDT -->
