<?xml version="1.0" encoding="UTF-8"?>
<!-- Generated by org.testng.reporters.JUnitReportReporter -->
<testsuite skipped="0" hostname="LAPTOP-14KL8HCG" name="com.expleo.heroku.testCases.TC_008_DeleteClickTest" tests="1" failures="0" timestamp="2021-08-18T20:46:02 IST" time="0.616" errors="0">
  <testcase name="deleteTest" time="0.616" classname="com.expleo.heroku.testCases.TC_008_DeleteClickTest"/>
  <system-out/>
</testsuite> <!-- com.expleo.heroku.testCases.TC_008_DeleteClickTest -->
