<?xml version="1.0" encoding="UTF-8"?>
<!-- Generated by org.testng.reporters.JUnitReportReporter -->
<testsuite skipped="0" hostname="LAPTOP-14KL8HCG" name="com.expleo.heroku.testCases.TC_006_CanvasTest" tests="3" failures="0" timestamp="2021-08-18T20:46:03 IST" time="2.441" errors="0">
  <testcase name="canvaTest" time="0.800" classname="com.expleo.heroku.testCases.TC_006_CanvasTest"/>
  <system-out/>
  <testcase name="canvaTest" time="0.851" classname="com.expleo.heroku.testCases.TC_006_CanvasTest"/>
  <system-out/>
  <testcase name="canvaTest" time="0.790" classname="com.expleo.heroku.testCases.TC_006_CanvasTest"/>
  <system-out/>
</testsuite> <!-- com.expleo.heroku.testCases.TC_006_CanvasTest -->
