<?xml version="1.0" encoding="UTF-8"?>
<!-- Generated by org.testng.reporters.JUnitReportReporter -->
<testsuite skipped="0" hostname="LAPTOP-14KL8HCG" name="com.expleo.heroku.testCases.TC_007_EditClickTest" tests="1" failures="0" timestamp="2021-08-18T20:46:02 IST" time="0.627" errors="0">
  <testcase name="editTest" time="0.627" classname="com.expleo.heroku.testCases.TC_007_EditClickTest"/>
  <system-out/>
</testsuite> <!-- com.expleo.heroku.testCases.TC_007_EditClickTest -->
