<?xml version="1.0" encoding="UTF-8"?>
<!-- Generated by org.testng.reporters.JUnitReportReporter -->
<testsuite skipped="0" hostname="LAPTOP-14KL8HCG" name="com.expleo.heroku.testCases.TC_003_TableTestDDT" tests="10" failures="0" timestamp="2021-08-18T20:46:03 IST" time="3.712" errors="0">
  <testcase name="TableDDT" time="0.374" classname="com.expleo.heroku.testCases.TC_003_TableTestDDT"/>
  <system-out/>
  <testcase name="TableDDT" time="0.377" classname="com.expleo.heroku.testCases.TC_003_TableTestDDT"/>
  <system-out/>
  <testcase name="TableDDT" time="0.364" classname="com.expleo.heroku.testCases.TC_003_TableTestDDT"/>
  <system-out/>
  <testcase name="TableDDT" time="0.343" classname="com.expleo.heroku.testCases.TC_003_TableTestDDT"/>
  <system-out/>
  <testcase name="TableDDT" time="0.372" classname="com.expleo.heroku.testCases.TC_003_TableTestDDT"/>
  <system-out/>
  <testcase name="TableDDT" time="0.357" classname="com.expleo.heroku.testCases.TC_003_TableTestDDT"/>
  <system-out/>
  <testcase name="TableDDT" time="0.371" classname="com.expleo.heroku.testCases.TC_003_TableTestDDT"/>
  <system-out/>
  <testcase name="TableDDT" time="0.376" classname="com.expleo.heroku.testCases.TC_003_TableTestDDT"/>
  <system-out/>
  <testcase name="TableDDT" time="0.369" classname="com.expleo.heroku.testCases.TC_003_TableTestDDT"/>
  <system-out/>
  <testcase name="TableDDT" time="0.409" classname="com.expleo.heroku.testCases.TC_003_TableTestDDT"/>
  <system-out/>
</testsuite> <!-- com.expleo.heroku.testCases.TC_003_TableTestDDT -->
