<?xml version="1.0" encoding="UTF-8"?>
<!-- Generated by org.testng.reporters.JUnitReportReporter -->
<testsuite skipped="0" hostname="LAPTOP-14KL8HCG" name="com.expleo.heroku.testCases.TC_001_TitleTest" tests="1" failures="0" timestamp="2021-08-18T20:46:03 IST" time="0.017" errors="0">
  <testcase name="titleTest" time="0.017" classname="com.expleo.heroku.testCases.TC_001_TitleTest"/>
  <system-out/>
</testsuite> <!-- com.expleo.heroku.testCases.TC_001_TitleTest -->
